# JRE version: Java(TM) SE Runtime Environment (8.0_05-b13) (build 1.8.0_05-b13)
# Java VM: Java HotSpot(TM) Server VM (25.5-b02 mixed mode linux-x86 )
Heap:
 PSYoungGen      total 35072K, used 1785K [0x9da00000, 0xa0040000, 0xa8200000)
  eden space 30976K, 0% used [0x9da00000,0x9da00000,0x9f840000)
  from space 4096K, 43% used [0x9fc40000,0x9fdfe698,0xa0040000)
  to   space 1536K, 0% used [0x9f940000,0x9f940000,0x9fac0000)
 ParOldGen       total 22016K, used 14586K [0x88a00000, 0x89f80000, 0x9da00000)
  object space 22016K, 66% used [0x88a00000,0x8983eb30,0x89f80000)
 Metaspace       used 15984K, capacity 16183K, committed 16280K, reserved 16688K
GC Heap History (10 events):
Event: 10.156 GC heap after
Heap after GC invocations=11 (full 0):
 PSYoungGen      total 16128K, used 2273K [0x9da00000, 0x9f480000, 0xa8200000)
  eden space 13056K, 0% used [0x9da00000,0x9da00000,0x9e6c0000)
  from space 3072K, 73% used [0x9e6c0000,0x9e8f84d0,0x9e9c0000)
  to   space 3072K, 0% used [0x9f180000,0x9f180000,0x9f480000)
 ParOldGen       total 22016K, used 6423K [0x88a00000, 0x89f80000, 0x9da00000)
  object space 22016K, 29% used [0x88a00000,0x89045c68,0x89f80000)
 Metaspace       used 10164K, capacity 10262K, committed 10392K, reserved 10544K
}
Event: 11.045 GC heap before
{Heap before GC invocations=12 (full 0):
 PSYoungGen      total 16128K, used 15329K [0x9da00000, 0x9f480000, 0xa8200000)
  eden space 13056K, 100% used [0x9da00000,0x9e6c0000,0x9e6c0000)
  from space 3072K, 73% used [0x9e6c0000,0x9e8f84d0,0x9e9c0000)
  to   space 3072K, 0% used [0x9f180000,0x9f180000,0x9f480000)
 ParOldGen       total 22016K, used 6423K [0x88a00000, 0x89f80000, 0x9da00000)
  object space 22016K, 29% used [0x88a00000,0x89045c68,0x89f80000)
 Metaspace       used 11085K, capacity 11158K, committed 11288K, reserved 11568K
Event: 11.056 GC heap after
Heap after GC invocations=12 (full 0):
 PSYoungGen      total 23040K, used 3071K [0x9da00000, 0x9f680000, 0xa8200000)
  eden space 19968K, 0% used [0x9da00000,0x9da00000,0x9ed80000)
  from space 3072K, 99% used [0x9f180000,0x9f47fdc8,0x9f480000)
  to   space 4096K, 0% used [0x9ed80000,0x9ed80000,0x9f180000)
 ParOldGen       total 22016K, used 8379K [0x88a00000, 0x89f80000, 0x9da00000)
  object space 22016K, 38% used [0x88a00000,0x8922eeb0,0x89f80000)
 Metaspace       used 11085K, capacity 11158K, committed 11288K, reserved 11568K
}
Event: 12.316 GC heap before
{Heap before GC invocations=13 (full 0):
 PSYoungGen      total 23040K, used 23039K [0x9da00000, 0x9f680000, 0xa8200000)
  eden space 19968K, 100% used [0x9da00000,0x9ed80000,0x9ed80000)
  from space 3072K, 99% used [0x9f180000,0x9f47fdc8,0x9f480000)
  to   space 4096K, 0% used [0x9ed80000,0x9ed80000,0x9f180000)
 ParOldGen       total 22016K, used 8379K [0x88a00000, 0x89f80000, 0x9da00000)
  object space 22016K, 38% used [0x88a00000,0x8922eeb0,0x89f80000)
 Metaspace       used 13389K, capacity 13515K, committed 13592K, reserved 13616K
Event: 12.331 GC heap after
Heap after GC invocations=13 (full 0):
 PSYoungGen      total 24064K, used 2748K [0x9da00000, 0xa0140000, 0xa8200000)
  eden space 19968K, 0% used [0x9da00000,0x9da00000,0x9ed80000)
  from space 4096K, 67% used [0x9ed80000,0x9f02f360,0x9f180000)
  to   space 4096K, 0% used [0x9fd40000,0x9fd40000,0xa0140000)
 ParOldGen       total 22016K, used 11320K [0x88a00000, 0x89f80000, 0x9da00000)
  object space 22016K, 51% used [0x88a00000,0x8950e3b8,0x89f80000)
 Metaspace       used 13389K, capacity 13515K, committed 13592K, reserved 13616K
}
Event: 13.712 GC heap before
{Heap before GC invocations=14 (full 0):
 PSYoungGen      total 24064K, used 22716K [0x9da00000, 0xa0140000, 0xa8200000)
  eden space 19968K, 100% used [0x9da00000,0x9ed80000,0x9ed80000)
  from space 4096K, 67% used [0x9ed80000,0x9f02f360,0x9f180000)
  to   space 4096K, 0% used [0x9fd40000,0x9fd40000,0xa0140000)
 ParOldGen       total 22016K, used 11320K [0x88a00000, 0x89f80000, 0x9da00000)
  object space 22016K, 51% used [0x88a00000,0x8950e3b8,0x89f80000)
 Metaspace       used 14469K, capacity 14578K, committed 14616K, reserved 14640K
Event: 13.724 GC heap after
Heap after GC invocations=14 (full 0):
 PSYoungGen      total 36096K, used 1868K [0x9da00000, 0xa0140000, 0xa8200000)
  eden space 32000K, 0% used [0x9da00000,0x9da00000,0x9f940000)
  from space 4096K, 45% used [0x9fd40000,0x9ff132e0,0xa0140000)
  to   space 4096K, 0% used [0x9f940000,0x9f940000,0x9fd40000)
 ParOldGen       total 22016K, used 12945K [0x88a00000, 0x89f80000, 0x9da00000)
  object space 22016K, 58% used [0x88a00000,0x896a4750,0x89f80000)
 Metaspace       used 14469K, capacity 14578K, committed 14616K, reserved 14640K
}
Event: 15.640 GC heap before
{Heap before GC invocations=15 (full 0):
 PSYoungGen      total 36096K, used 33868K [0x9da00000, 0xa0140000, 0xa8200000)
  eden space 32000K, 100% used [0x9da00000,0x9f940000,0x9f940000)
  from space 4096K, 45% used [0x9fd40000,0x9ff132e0,0xa0140000)
  to   space 4096K, 0% used [0x9f940000,0x9f940000,0x9fd40000)
 ParOldGen       total 22016K, used 12945K [0x88a00000, 0x89f80000, 0x9da00000)
  object space 22016K, 58% used [0x88a00000,0x896a4750,0x89f80000)
 Metaspace       used 15226K, capacity 15378K, committed 15384K, reserved 15664K
Event: 15.648 GC heap after
Heap after GC invocations=15 (full 0):
 PSYoungGen      total 32512K, used 1507K [0x9da00000, 0xa0040000, 0xa8200000)
  eden space 30976K, 0% used [0x9da00000,0x9da00000,0x9f840000)
  from space 1536K, 98% used [0x9f940000,0x9fab8e58,0x9fac0000)
  to   space 4096K, 0% used [0x9fc40000,0x9fc40000,0xa0040000)
 ParOldGen       total 22016K, used 13614K [0x88a00000, 0x89f80000, 0x9da00000)
  object space 22016K, 61% used [0x88a00000,0x8974bb20,0x89f80000)
 Metaspace       used 15226K, capacity 15378K, committed 15384K, reserved 15664K
}
Event: 22.186 GC heap before
{Heap before GC invocations=16 (full 0):
 PSYoungGen      total 32512K, used 32483K [0x9da00000, 0xa0040000, 0xa8200000)
  eden space 30976K, 100% used [0x9da00000,0x9f840000,0x9f840000)
  from space 1536K, 98% used [0x9f940000,0x9fab8e58,0x9fac0000)
  to   space 4096K, 0% used [0x9fc40000,0x9fc40000,0xa0040000)
 ParOldGen       total 22016K, used 13614K [0x88a00000, 0x89f80000, 0x9da00000)
  object space 22016K, 61% used [0x88a00000,0x8974bb20,0x89f80000)
 Metaspace       used 15984K, capacity 16183K, committed 16280K, reserved 16688K

